<?xml version="1.0" encoding="UTF-8"?>
<!-- Generated by org.testng.reporters.JUnitReportReporter -->
<testsuite name="testGrid.demo.GridThread" tests="3" time="3.626" ignored="0" failures="1" timestamp="01 六月 2017 07:06:00 GMT" skipped="1" hostname="xhmdeMac-mini.local" errors="0">
  <testcase name="test" time="0.001" classname="testGrid.demo.GridThread">
    <skipped/>
  </testcase> <!-- test -->
  <testcase name="test" time="3.625" classname="testGrid.demo.GridThread"/>
  <testcase name="setUp" time="0.000" classname="testGrid.demo.GridThread">
    <failure type="java.lang.AssertionError" message="browser 参数只能为 firefox、 chrome">
      <![CDATA[java.lang.AssertionError: browser 参数只能为 firefox、 chrome
	at org.testng.Assert.fail(Assert.java:94)
	at testGrid.demo.GridThread.setUp(GridThread.java:31)
	at sun.reflect.NativeMethodAccessorImpl.invoke0(Native Method)
	at sun.reflect.NativeMethodAccessorImpl.invoke(NativeMethodAccessorImpl.java:62)
	at sun.reflect.DelegatingMethodAccessorImpl.invoke(DelegatingMethodAccessorImpl.java:43)
	at java.lang.reflect.Method.invoke(Method.java:498)
	at org.testng.internal.MethodInvocationHelper.invokeMethod(MethodInvocationHelper.java:104)
	at org.testng.internal.Invoker.invokeConfigurationMethod(Invoker.java:515)
	at org.testng.internal.Invoker.invokeConfigurations(Invoker.java:217)
	at org.testng.internal.Invoker.invokeConfigurations(Invoker.java:144)
	at org.testng.TestRunner.beforeRun(TestRunner.java:634)
	at org.testng.TestRunner.run(TestRunner.java:602)
	at org.testng.SuiteRunner.runTest(SuiteRunner.java:387)
	at org.testng.SuiteRunner.access$000(SuiteRunner.java:39)
	at org.testng.SuiteRunner$SuiteWorker.run(SuiteRunner.java:421)
	at org.testng.internal.thread.ThreadUtil$2.call(ThreadUtil.java:64)
	at java.util.concurrent.FutureTask.run(FutureTask.java:266)
	at java.util.concurrent.ThreadPoolExecutor.runWorker(ThreadPoolExecutor.java:1142)
	at java.util.concurrent.ThreadPoolExecutor$Worker.run(ThreadPoolExecutor.java:617)
	at java.lang.Thread.run(Thread.java:748)
]]>
    </failure>
  </testcase> <!-- setUp -->
</testsuite> <!-- testGrid.demo.GridThread -->
