<?xml version="1.0" encoding="UTF-8"?>
<!-- Generated by org.testng.reporters.JUnitReportReporter -->
<testsuite name="page.demo.LoginTest" tests="1" time="5.783" ignored="0" failures="0" timestamp="03 六月 2017 08:10:07 GMT" skipped="0" hostname="liconghuideMBP" errors="0">
  <testcase name="testCase" time="5.783" classname="page.demo.LoginTest"/>
</testsuite> <!-- page.demo.LoginTest -->
