<?xml version="1.0" encoding="UTF-8"?>
<!-- Generated by org.testng.reporters.JUnitReportReporter -->
<testsuite name="testng.demo.TestLogin" tests="3" time="5.281" ignored="0" failures="0" timestamp="01 六月 2017 04:45:25 GMT" skipped="0" hostname="xhmdeMac-mini.local" errors="0">
  <testcase name="verifyLogin" time="2.720" classname="testng.demo.TestLogin"/>
  <testcase name="verifyLogin" time="1.285" classname="testng.demo.TestLogin"/>
  <testcase name="verifyLogin" time="1.276" classname="testng.demo.TestLogin"/>
</testsuite> <!-- testng.demo.TestLogin -->
